#
# There is insufficient memory for the Java Runtime Environment to continue.
# Native memory allocation (mmap) failed to map 67108864 bytes. Error detail: G1 virtual space
# Possible reasons:
#   The system is out of physical RAM or swap space
#   This process is running with CompressedOops enabled, and the Java Heap may be blocking the growth of the native heap
# Possible solutions:
#   Reduce memory load on the system
#   Increase physical memory or swap space
#   Check if swap backing store is full
#   Decrease Java heap size (-Xmx/-Xms)
#   Decrease number of Java threads
#   Decrease Java thread stack sizes (-Xss)
#   Set larger code cache with -XX:ReservedCodeCacheSize=
#   JVM is running with Unscaled Compressed Oops mode in which the Java heap is
#     placed in the first 4GB address space. The Java Heap base address is the
#     maximum limit for the native heap growth. Please use -XX:HeapBaseMinAddress
#     to set the Java Heap base and to place the Java Heap above 4GB virtual address.
# This output file may be truncated or incomplete.
#
#  Out of Memory Error (os_windows.cpp:3613), pid=4980, tid=10536
#
# JRE version:  (17.0.11+9) (build )
# Java VM: OpenJDK 64-Bit Server VM (17.0.11+9-LTS, mixed mode, sharing, tiered, compressed oops, compressed class ptrs, g1 gc, windows-amd64)
# No core dump will be written. Minidumps are not enabled by default on client versions of Windows
#

---------------  S U M M A R Y ------------

Command Line: -Xmx64m -Xms64m -Dorg.gradle.appname=gradlew org.gradle.wrapper.GradleWrapperMain app:installDebug -PreactNativeDevServerPort=8081

Host: Intel(R) Core(TM) i5-4300U CPU @ 1.90GHz, 4 cores, 7G,  Windows 11 , 64 bit Build 22621 (10.0.22621.3958)
Time: Fri Sep 20 17:36:47 2024 SE Asia Standard Time elapsed time: 0.028134 seconds (0d 0h 0m 0s)

---------------  T H R E A D  ---------------

Current thread (0x00000266f841a7a0):  JavaThread "Unknown thread" [_thread_in_vm, id=10536, stack(0x000000c441300000,0x000000c441400000)]

Stack: [0x000000c441300000,0x000000c441400000]
Native frames: (J=compiled Java code, j=interpreted, Vv=VM code, C=native code)
V  [jvm.dll+0x67f6d9]
V  [jvm.dll+0x83773a]
V  [jvm.dll+0x8391fe]
V  [jvm.dll+0x839863]
V  [jvm.dll+0x247fbf]
V  [jvm.dll+0x67c519]
V  [jvm.dll+0x670f8a]
V  [jvm.dll+0x309bdb]
V  [jvm.dll+0x311086]
V  [jvm.dll+0x360a6e]
V  [jvm.dll+0x360c9f]
V  [jvm.dll+0x2e0928]
V  [jvm.dll+0x2e1894]
V  [jvm.dll+0x8090e1]
V  [jvm.dll+0x36e7c1]
V  [jvm.dll+0x7e7b06]
V  [jvm.dll+0x3f202f]
V  [jvm.dll+0x3f3b81]
C  [jli.dll+0x528f]
C  [ucrtbase.dll+0x29333]
C  [KERNEL32.DLL+0x1257d]
C  [ntdll.dll+0x5af28]


---------------  P R O C E S S  ---------------

Threads class SMR info:
_java_thread_list=0x00007ff81c112f18, length=0, elements={
}

Java Threads: ( => current thread )

Other Threads:
  0x00000266fa594cf0 GCTaskThread "GC Thread#0" [stack: 0x000000c441400000,0x000000c441500000] [id=10684]
  0x00000266fa596440 ConcurrentGCThread "G1 Main Marker" [stack: 0x000000c441500000,0x000000c441600000] [id=15160]
  0x00000266fa596e60 ConcurrentGCThread "G1 Conc#0" [stack: 0x000000c441600000,0x000000c441700000] [id=11344]

[error occurred during error reporting (printing all threads), id 0xc0000005, EXCEPTION_ACCESS_VIOLATION (0xc0000005) at pc=0x00007ff81b8d1367]

VM state: not at safepoint (not fully initialized)

VM Mutex/Monitor currently owned by a thread:  ([mutex/lock_event])
[0x00000266fa5776e0] Heap_lock - owner thread: 0x00000266f841a7a0

Heap address: 0x00000000fc000000, size: 64 MB, Compressed Oops mode: 32-bit

CDS archive(s) mapped at: [0x0000000000000000-0x0000000000000000-0x0000000000000000), size 0, SharedBaseAddress: 0x0000000800000000, ArchiveRelocationMode: 1.
Narrow klass base: 0x0000000000000000, Narrow klass shift: 0, Narrow klass range: 0x0

GC Precious Log:
<Empty>

Heap:
 garbage-first heap   total 0K, used 0K [0x00000000fc000000, 0x0000000100000000)
  region size 1024K, 0 young (0K), 0 survivors (0K)

[error occurred during error reporting (printing heap information), id 0xc0000005, EXCEPTION_ACCESS_VIOLATION (0xc0000005) at pc=0x00007ff81bcb9a59]

GC Heap History (0 events):
No events

Dll operation events (1 events):
Event: 0.012 Loaded shared library C:\Program Files\Microsoft\jdk-17.0.11.9-hotspot\bin\java.dll

Deoptimization events (0 events):
No events

Classes unloaded (0 events):
No events

Classes redefined (0 events):
No events

Internal exceptions (0 events):
No events

VM Operations (0 events):
No events

Events (0 events):
No events


Dynamic libraries:
0x00007ff702e30000 - 0x00007ff702e3e000 	C:\Program Files\Microsoft\jdk-17.0.11.9-hotspot\bin\java.exe
0x00007ff89e5b0000 - 0x00007ff89e7c7000 	C:\Windows\SYSTEM32\ntdll.dll
0x00007ff89c8c0000 - 0x00007ff89c984000 	C:\Windows\System32\KERNEL32.DLL
0x00007ff89bf30000 - 0x00007ff89c2dd000 	C:\Windows\System32\KERNELBASE.dll
0x00007ff89bcf0000 - 0x00007ff89be01000 	C:\Windows\System32\ucrtbase.dll
0x00007ff81e6c0000 - 0x00007ff81e6db000 	C:\Program Files\Microsoft\jdk-17.0.11.9-hotspot\bin\VCRUNTIME140.dll
0x00007ff8275a0000 - 0x00007ff8275b7000 	C:\Program Files\Microsoft\jdk-17.0.11.9-hotspot\bin\jli.dll
0x00007ff89c990000 - 0x00007ff89cb3e000 	C:\Windows\System32\USER32.dll
0x00007ff89ba90000 - 0x00007ff89bab6000 	C:\Windows\System32\win32u.dll
0x00007ff88aa40000 - 0x00007ff88acd3000 	C:\Windows\WinSxS\amd64_microsoft.windows.common-controls_6595b64144ccf1df_6.0.22621.3672_none_2713b9d173822955\COMCTL32.dll
0x00007ff89c800000 - 0x00007ff89c8a7000 	C:\Windows\System32\msvcrt.dll
0x00007ff89dda0000 - 0x00007ff89ddc9000 	C:\Windows\System32\GDI32.dll
0x00007ff89be10000 - 0x00007ff89bf29000 	C:\Windows\System32\gdi32full.dll
0x00007ff89b940000 - 0x00007ff89b9da000 	C:\Windows\System32\msvcp_win.dll
0x00007ff89d910000 - 0x00007ff89d941000 	C:\Windows\System32\IMM32.DLL
0x00007ff876450000 - 0x00007ff87645c000 	C:\Program Files\Microsoft\jdk-17.0.11.9-hotspot\bin\vcruntime140_1.dll
0x00007ff81c250000 - 0x00007ff81c2dd000 	C:\Program Files\Microsoft\jdk-17.0.11.9-hotspot\bin\msvcp140.dll
0x00007ff81b5e0000 - 0x00007ff81c246000 	C:\Program Files\Microsoft\jdk-17.0.11.9-hotspot\bin\server\jvm.dll
0x00007ff89e3c0000 - 0x00007ff89e472000 	C:\Windows\System32\ADVAPI32.dll
0x00007ff89d3b0000 - 0x00007ff89d459000 	C:\Windows\System32\sechost.dll
0x00007ff89b9e0000 - 0x00007ff89ba08000 	C:\Windows\System32\bcrypt.dll
0x00007ff89d7f0000 - 0x00007ff89d904000 	C:\Windows\System32\RPCRT4.dll
0x00007ff89b7a0000 - 0x00007ff89b7ed000 	C:\Windows\SYSTEM32\POWRPROF.dll
0x00007ff8750e0000 - 0x00007ff8750e9000 	C:\Windows\SYSTEM32\WSOCK32.dll
0x00007ff89dba0000 - 0x00007ff89dc11000 	C:\Windows\System32\WS2_32.dll
0x00007ff897c70000 - 0x00007ff897ca4000 	C:\Windows\SYSTEM32\WINMM.dll
0x00007ff88cc30000 - 0x00007ff88cc3a000 	C:\Windows\SYSTEM32\VERSION.dll
0x00007ff89b780000 - 0x00007ff89b793000 	C:\Windows\SYSTEM32\UMPDC.dll
0x00007ff89a920000 - 0x00007ff89a938000 	C:\Windows\SYSTEM32\kernel.appcore.dll
0x00007ff874cf0000 - 0x00007ff874cfa000 	C:\Program Files\Microsoft\jdk-17.0.11.9-hotspot\bin\jimage.dll
0x00007ff884b00000 - 0x00007ff884d32000 	C:\Windows\SYSTEM32\DBGHELP.DLL
0x00007ff89d460000 - 0x00007ff89d7ee000 	C:\Windows\System32\combase.dll
0x00007ff89c2e0000 - 0x00007ff89c3b7000 	C:\Windows\System32\OLEAUT32.dll
0x00007ff884ac0000 - 0x00007ff884af2000 	C:\Windows\SYSTEM32\dbgcore.DLL
0x00007ff89ba10000 - 0x00007ff89ba8b000 	C:\Windows\System32\bcryptPrimitives.dll
0x00007ff81e690000 - 0x00007ff81e6b5000 	C:\Program Files\Microsoft\jdk-17.0.11.9-hotspot\bin\java.dll

dbghelp: loaded successfully - version: 4.0.5 - missing functions: none
symbol engine: initialized successfully - sym options: 0x614 - pdb path: .;C:\Program Files\Microsoft\jdk-17.0.11.9-hotspot\bin;C:\Windows\SYSTEM32;C:\Windows\WinSxS\amd64_microsoft.windows.common-controls_6595b64144ccf1df_6.0.22621.3672_none_2713b9d173822955;C:\Program Files\Microsoft\jdk-17.0.11.9-hotspot\bin\server

VM Arguments:
jvm_args: -Xmx64m -Xms64m -Dorg.gradle.appname=gradlew 
java_command: org.gradle.wrapper.GradleWrapperMain app:installDebug -PreactNativeDevServerPort=8081
java_class_path (initial): D:\newProject\android\\gradle\wrapper\gradle-wrapper.jar
Launcher Type: SUN_STANDARD

[Global flags]
     intx CICompilerCount                          = 3                                         {product} {ergonomic}
     uint ConcGCThreads                            = 1                                         {product} {ergonomic}
     uint G1ConcRefinementThreads                  = 4                                         {product} {ergonomic}
   size_t G1HeapRegionSize                         = 1048576                                   {product} {ergonomic}
    uintx GCDrainStackTargetSize                   = 64                                        {product} {ergonomic}
   size_t InitialHeapSize                          = 67108864                                  {product} {command line}
   size_t MarkStackSize                            = 4194304                                   {product} {ergonomic}
   size_t MaxHeapSize                              = 67108864                                  {product} {command line}
   size_t MinHeapDeltaBytes                        = 1048576                                   {product} {ergonomic}
   size_t MinHeapSize                              = 67108864                                  {product} {command line}
    uintx NonNMethodCodeHeapSize                   = 5832780                                {pd product} {ergonomic}
    uintx NonProfiledCodeHeapSize                  = 122912730                              {pd product} {ergonomic}
    uintx ProfiledCodeHeapSize                     = 122912730                              {pd product} {ergonomic}
    uintx ReservedCodeCacheSize                    = 251658240                              {pd product} {ergonomic}
     bool SegmentedCodeCache                       = true                                      {product} {ergonomic}
   size_t SoftMaxHeapSize                          = 67108864                               {manageable} {ergonomic}
     bool UseCompressedClassPointers               = true                           {product lp64_product} {ergonomic}
     bool UseCompressedOops                        = true                           {product lp64_product} {ergonomic}
     bool UseG1GC                                  = true                                      {product} {ergonomic}
     bool UseLargePagesIndividualAllocation        = false                                  {pd product} {ergonomic}

Logging:
Log output configuration:
 #0: stdout all=warning uptime,level,tags
 #1: stderr all=off uptime,level,tags

Environment Variables:
JAVA_HOME=C:\Program Files\Microsoft\jdk-17.0.11.9-hotspot\
CLASSPATH=D:\newProject\android\\gradle\wrapper\gradle-wrapper.jar
PATH=C:\Users\clone\AppData\Local\Temp\yarn--1726828604758-0.9130544365395914;D:\newProject\node_modules\.bin;C:\Users\clone\AppData\Local\Yarn\Data\link\node_modules\.bin;C:\Users\clone\AppData\Local\Yarn\bin;C:\Program Files\libexec\lib\node_modules\npm\bin\node-gyp-bin;C:\Program Files\lib\node_modules\npm\bin\node-gyp-bin;C:\Program Files\nodejs\node_modules\npm\bin\node-gyp-bin;C:\Program Files\Common Files\Oracle\Java\javapath;C:\Program Files\Microsoft\jdk-17.0.11.9-hotspot\bin;C:\Windows\system32;C:\Windows;C:\Windows\System32\Wbem;C:\Windows\System32\WindowsPowerShell\v1.0\;C:\Windows\System32\OpenSSH\;C:\Program Files\Git\cmd;C:\Program Files\nodejs\;C:\ProgramData\chocolatey\bin;C:\Users\clone\AppData\Local\Android\Sdk\tools;C:\Users\clone\AppData\Local\Android\Sdk\tools\bin;C:\Users\clone\AppData\Local\Android\Sdk\platform-tools;C:\Users\clone\AppData\Local\Microsoft\WindowsApps;C:\Users\clone\AppData\Roaming\npm;C:\Users\clone\AppData\Local\Programs\Microsoft VS Code\bin;C:\Users\clone\AppData\Local\Android\Sdk\platform-tools;C:\Users\clone\AppData\Local\Android\Sdk\tools;C:\Users\clone\AppData\Local\Android\Sdk\tools\bin;C:\Users\clone\AppData\Local\GitHubDesktop\bin;C:\Program Files\OpenSSL-Win64\bin
USERNAME=clone
LANG=en_US.UTF-8
OS=Windows_NT
PROCESSOR_IDENTIFIER=Intel64 Family 6 Model 69 Stepping 1, GenuineIntel
TMP=C:\Users\clone\AppData\Local\Temp
TEMP=C:\Users\clone\AppData\Local\Temp



Periodic native trim disabled


---------------  S Y S T E M  ---------------

OS:
 Windows 11 , 64 bit Build 22621 (10.0.22621.3958)
OS uptime: 0 days 8:54 hours

CPU: total 4 (initial active 4) (2 cores per cpu, 2 threads per core) family 6 model 69 stepping 1 microcode 0x26, cx8, cmov, fxsr, ht, mmx, sse, sse2, sse3, ssse3, sse4.1, sse4.2, popcnt, lzcnt, tsc, tscinvbit, avx, avx2, aes, erms, clmul, bmi1, bmi2, fma, vzeroupper, clflush
Processor Information for all 4 processors :
  Max Mhz: 2501, Current Mhz: 2501, Mhz Limit: 2501

Memory: 4k page, system-wide physical 8129M (1083M free)
TotalPageFile size 12088M (AvailPageFile size 13M)
current process WorkingSet (physical memory assigned to process): 11M, peak: 11M
current process commit charge ("private bytes"): 51M, peak: 115M

vm_info: OpenJDK 64-Bit Server VM (17.0.11+9-LTS) for windows-amd64 JRE (17.0.11+9-LTS), built on Apr  9 2024 22:05:54 by "MicrosoftCorporation" with MS VC++ 16.10 / 16.11 (VS2019)

END.
